
> vite_react_shadcn_ts@0.0.0 dev
> vite


  VITE v5.4.19  ready in 700 ms

  ➜  Local:   http://localhost:8080/
  ➜  Network: http://10.0.0.2:8080/
11:53:38 [vite] hmr update /src/components/UserMenu.tsx, /src/index.css
11:53:41 [vite] hmr update /src/index.css, /src/components/Navbar.tsx
11:55:59 [vite] hmr update /src/components/UserMenu.tsx, /src/index.css
11:56:01 [vite] hmr update /src/index.css, /src/components/Navbar.tsx
11:57:12 [vite] hmr update /src/components/UserMenu.tsx, /src/index.css
11:57:14 [vite] hmr update /src/index.css, /src/components/Navbar.tsx
11:59:11 [vite] hmr update /src/components/UserMenu.tsx, /src/index.css
11:59:13 [vite] hmr update /src/index.css, /src/components/Navbar.tsx
12:06:24 [vite] hmr update /src/components/UserMenu.tsx, /src/index.css
12:07:00 [vite] hmr update /src/index.css, /src/components/Navbar.tsx
12:07:03 [vite] hmr update /src/index.css, /src/components/Navbar.tsx
12:10:08 [vite] hmr update /src/components/UserMenu.tsx, /src/index.css
12:10:13 [vite] hmr update /src/index.css, /src/components/Navbar.tsx
12:14:11 [vite] hmr update /src/components/UserMenu.tsx, /src/index.css
12:14:13 [vite] hmr update /src/index.css, /src/components/Navbar.tsx
12:15:49 [vite] hmr update /src/components/UserMenu.tsx, /src/index.css
12:15:51 [vite] hmr update /src/index.css, /src/components/Navbar.tsx
12:17:33 [vite] hmr update /src/components/UserMenu.tsx, /src/index.css
12:17:35 [vite] hmr update /src/index.css, /src/components/Navbar.tsx
12:24:58 [vite] hmr update /src/components/UserMenu.tsx, /src/index.css
12:25:00 [vite] hmr update /src/index.css, /src/components/Navbar.tsx
12:26:02 [vite] hmr update /src/components/UserMenu.tsx, /src/index.css
12:26:04 [vite] hmr update /src/index.css, /src/components/Navbar.tsx
12:31:01 [vite] hmr update /src/components/UserMenu.tsx, /src/index.css
12:31:03 [vite] hmr update /src/components/UserMenu.tsx, /src/index.css
12:31:05 [vite] hmr update /src/index.css, /src/components/Navbar.tsx
Error processing file src/components/UserMenu.tsx: SyntaxError: Unexpected token, expected "..." (34:94)
    at constructor (/home/rva/Zetoun/frontend/node_modules/@babel/parser/lib/index.js:362:19)
    at TypeScriptParserMixin.raise (/home/rva/Zetoun/frontend/node_modules/@babel/parser/lib/index.js:3259:19)
    at TypeScriptParserMixin.unexpected (/home/rva/Zetoun/frontend/node_modules/@babel/parser/lib/index.js:3279:16)
    at TypeScriptParserMixin.expect (/home/rva/Zetoun/frontend/node_modules/@babel/parser/lib/index.js:3589:12)
    at TypeScriptParserMixin.jsxParseAttribute (/home/rva/Zetoun/frontend/node_modules/@babel/parser/lib/index.js:6692:12)
    at TypeScriptParserMixin.jsxParseOpeningElementAfterName (/home/rva/Zetoun/frontend/node_modules/@babel/parser/lib/index.js:6714:28)
    at TypeScriptParserMixin.jsxParseOpeningElementAfterName (/home/rva/Zetoun/frontend/node_modules/@babel/parser/lib/index.js:9690:18)
    at TypeScriptParserMixin.jsxParseOpeningElementAt (/home/rva/Zetoun/frontend/node_modules/@babel/parser/lib/index.js:6709:17)
    at TypeScriptParserMixin.jsxParseElementAt (/home/rva/Zetoun/frontend/node_modules/@babel/parser/lib/index.js:6733:33)
    at TypeScriptParserMixin.jsxParseElementAt (/home/rva/Zetoun/frontend/node_modules/@babel/parser/lib/index.js:6745:32) {
  code: 'BABEL_PARSER_SYNTAX_ERROR',
  reasonCode: 'UnexpectedToken',
  loc: Position { line: 34, column: 94, index: 1443 },
  pos: 1443,
  syntaxPlugin: undefined
}
12:31:05 [vite] Internal server error:   x Expected '</', got '}'
    ,-[/home/rva/Zetoun/frontend/src/components/UserMenu.tsx:34:1]
 31 |         <Button
 32 |           variant="default"
 33 |           className="text-base font-semibold bg-gray-700 hover:bg-gray-600 text-white rounded-full px-6 py-3 shadow-md hover:shadow-lg transition-all duration-300 ease-in-out flex items-center gap-2 border border-gray-600"
 34 |           onClick={() => navigate('/zetoulog')} {/* Changé ici pour naviguer vers /zetoulog */}
    :                                                                                               ^
 35 |         >
 36 |           <UserCircle className="h-6 w-6" />
 37 |           {USER_MENU_TEXT_CONSTANTS.LOGIN_BUTTON}
    `----


Caused by:
    Syntax Error
  Plugin: vite:react-swc
  File: /home/rva/Zetoun/frontend/src/components/UserMenu.tsx
  
12:31:05 [vite] Pre-transform error:   x Expected '</', got '}'
    ,-[/home/rva/Zetoun/frontend/src/components/UserMenu.tsx:34:1]
 31 |         <Button
 32 |           variant="default"
 33 |           className="text-base font-semibold bg-gray-700 hover:bg-gray-600 text-white rounded-full px-6 py-3 shadow-md hover:shadow-lg transition-all duration-300 ease-in-out flex items-center gap-2 border border-gray-600"
 34 |           onClick={() => navigate('/zetoulog')} {/* Changé ici pour naviguer vers /zetoulog */}
    :                                                                                               ^
 35 |         >
 36 |           <UserCircle className="h-6 w-6" />
 37 |           {USER_MENU_TEXT_CONSTANTS.LOGIN_BUTTON}
    `----


Caused by:
    Syntax Error
12:31:29 [vite] hmr update /src/index.css, /src/components/Navbar.tsx
Error processing file src/components/UserMenu.tsx: SyntaxError: Unexpected token, expected "..." (34:94)
    at constructor (/home/rva/Zetoun/frontend/node_modules/@babel/parser/lib/index.js:362:19)
    at TypeScriptParserMixin.raise (/home/rva/Zetoun/frontend/node_modules/@babel/parser/lib/index.js:3259:19)
    at TypeScriptParserMixin.unexpected (/home/rva/Zetoun/frontend/node_modules/@babel/parser/lib/index.js:3279:16)
    at TypeScriptParserMixin.expect (/home/rva/Zetoun/frontend/node_modules/@babel/parser/lib/index.js:3589:12)
    at TypeScriptParserMixin.jsxParseAttribute (/home/rva/Zetoun/frontend/node_modules/@babel/parser/lib/index.js:6692:12)
    at TypeScriptParserMixin.jsxParseOpeningElementAfterName (/home/rva/Zetoun/frontend/node_modules/@babel/parser/lib/index.js:6714:28)
    at TypeScriptParserMixin.jsxParseOpeningElementAfterName (/home/rva/Zetoun/frontend/node_modules/@babel/parser/lib/index.js:9690:18)
    at TypeScriptParserMixin.jsxParseOpeningElementAt (/home/rva/Zetoun/frontend/node_modules/@babel/parser/lib/index.js:6709:17)
    at TypeScriptParserMixin.jsxParseElementAt (/home/rva/Zetoun/frontend/node_modules/@babel/parser/lib/index.js:6733:33)
    at TypeScriptParserMixin.jsxParseElementAt (/home/rva/Zetoun/frontend/node_modules/@babel/parser/lib/index.js:6745:32) {
  code: 'BABEL_PARSER_SYNTAX_ERROR',
  reasonCode: 'UnexpectedToken',
  loc: Position { line: 34, column: 94, index: 1443 },
  pos: 1443,
  syntaxPlugin: undefined
}
12:31:29 [vite] Internal server error:   x Expected '</', got '}'
    ,-[/home/rva/Zetoun/frontend/src/components/UserMenu.tsx:34:1]
 31 |         <Button
 32 |           variant="default"
 33 |           className="text-base font-semibold bg-gray-700 hover:bg-gray-600 text-white rounded-full px-6 py-3 shadow-md hover:shadow-lg transition-all duration-300 ease-in-out flex items-center gap-2 border border-gray-600"
 34 |           onClick={() => navigate('/zetoulog')} {/* Changé ici pour naviguer vers /zetoulog */}
    :                                                                                               ^
 35 |         >
 36 |           <UserCircle className="h-6 w-6" />
 37 |           {USER_MENU_TEXT_CONSTANTS.LOGIN_BUTTON}
    `----


Caused by:
    Syntax Error
  Plugin: vite:react-swc
  File: /home/rva/Zetoun/frontend/src/components/UserMenu.tsx
  
12:31:29 [vite] Pre-transform error:   x Expected '</', got '}'
    ,-[/home/rva/Zetoun/frontend/src/components/UserMenu.tsx:34:1]
 31 |         <Button
 32 |           variant="default"
 33 |           className="text-base font-semibold bg-gray-700 hover:bg-gray-600 text-white rounded-full px-6 py-3 shadow-md hover:shadow-lg transition-all duration-300 ease-in-out flex items-center gap-2 border border-gray-600"
 34 |           onClick={() => navigate('/zetoulog')} {/* Changé ici pour naviguer vers /zetoulog */}
    :                                                                                               ^
 35 |         >
 36 |           <UserCircle className="h-6 w-6" />
 37 |           {USER_MENU_TEXT_CONSTANTS.LOGIN_BUTTON}
    `----


Caused by:
    Syntax Error
12:32:23 [vite] hmr update /src/index.css, /src/components/Navbar.tsx
12:32:24 [vite] hmr update /src/index.css, /src/components/Navbar.tsx
12:37:15 [vite] hmr update /src/App.tsx, /src/index.css
12:37:28 [vite] page reload src/pages/ZetounLog.tsx
12:38:31 [vite] hmr update /src/App.tsx, /src/index.css
12:38:32 [vite] Internal server error: Failed to resolve import "./components/ZetouLog" from "src/App.tsx". Does the file exist?
  Plugin: vite:import-analysis
  File: /home/rva/Zetoun/frontend/src/App.tsx:34:35
  74 |  const ProtectedRoute = /* @__PURE__ */ lazy(_c50 = () => import("./components/ProtectedRoute"));
  75 |  _c51 = ProtectedRoute;
  76 |  const ZetouLog = /* @__PURE__ */ lazy(_c52 = () => import("./components/ZetouLog"));
     |                                                            ^
  77 |  _c53 = ZetouLog;
  78 |  const APP_MESSAGES = {
      at TransformPluginContext._formatError (file:///home/rva/Zetoun/frontend/node_modules/vite/dist/node/chunks/dep-C6uTJdX2.js:49258:41)
      at TransformPluginContext.error (file:///home/rva/Zetoun/frontend/node_modules/vite/dist/node/chunks/dep-C6uTJdX2.js:49253:16)
      at normalizeUrl (file:///home/rva/Zetoun/frontend/node_modules/vite/dist/node/chunks/dep-C6uTJdX2.js:64291:23)
      at process.processTicksAndRejections (node:internal/process/task_queues:95:5)
      at async file:///home/rva/Zetoun/frontend/node_modules/vite/dist/node/chunks/dep-C6uTJdX2.js:64423:39
      at async Promise.all (index 35)
      at async TransformPluginContext.transform (file:///home/rva/Zetoun/frontend/node_modules/vite/dist/node/chunks/dep-C6uTJdX2.js:64350:7)
      at async PluginContainer.transform (file:///home/rva/Zetoun/frontend/node_modules/vite/dist/node/chunks/dep-C6uTJdX2.js:49099:18)
      at async loadAndTransform (file:///home/rva/Zetoun/frontend/node_modules/vite/dist/node/chunks/dep-C6uTJdX2.js:51977:27)
      at async viteTransformMiddleware (file:///home/rva/Zetoun/frontend/node_modules/vite/dist/node/chunks/dep-C6uTJdX2.js:62105:24)
12:41:19 [vite] page reload src/App.tsx
12:42:53 [vite] hmr update /src/App.tsx, /src/index.css
12:49:08 [vite] hmr update /src/App.tsx, /src/index.css
12:49:37 [vite] page reload src/App.tsx
12:49:39 [vite] Pre-transform error: Failed to resolve import "./components/ZetoulogPage" from "src/App.tsx". Does the file exist?
12:49:39 [vite] Internal server error: Failed to resolve import "./components/ZetoulogPage" from "src/App.tsx". Does the file exist?
  Plugin: vite:import-analysis
  File: /home/rva/Zetoun/frontend/src/App.tsx:34:39
  74 |  const ProtectedRoute = /* @__PURE__ */ lazy(_c50 = () => import("./components/ProtectedRoute"));
  75 |  _c51 = ProtectedRoute;
  76 |  const ZetoulogPage = /* @__PURE__ */ lazy(_c52 = () => import("./components/ZetoulogPage"));
     |                                                                ^
  77 |  _c53 = ZetoulogPage;
  78 |  const APP_MESSAGES = {
      at TransformPluginContext._formatError (file:///home/rva/Zetoun/frontend/node_modules/vite/dist/node/chunks/dep-C6uTJdX2.js:49258:41)
      at TransformPluginContext.error (file:///home/rva/Zetoun/frontend/node_modules/vite/dist/node/chunks/dep-C6uTJdX2.js:49253:16)
      at normalizeUrl (file:///home/rva/Zetoun/frontend/node_modules/vite/dist/node/chunks/dep-C6uTJdX2.js:64291:23)
      at process.processTicksAndRejections (node:internal/process/task_queues:95:5)
      at async file:///home/rva/Zetoun/frontend/node_modules/vite/dist/node/chunks/dep-C6uTJdX2.js:64423:39
      at async Promise.all (index 35)
      at async TransformPluginContext.transform (file:///home/rva/Zetoun/frontend/node_modules/vite/dist/node/chunks/dep-C6uTJdX2.js:64350:7)
      at async PluginContainer.transform (file:///home/rva/Zetoun/frontend/node_modules/vite/dist/node/chunks/dep-C6uTJdX2.js:49099:18)
      at async loadAndTransform (file:///home/rva/Zetoun/frontend/node_modules/vite/dist/node/chunks/dep-C6uTJdX2.js:51977:27)
      at async viteTransformMiddleware (file:///home/rva/Zetoun/frontend/node_modules/vite/dist/node/chunks/dep-C6uTJdX2.js:62105:24)
12:49:52 [vite] page reload src/components/ZetoulogPage.tsx
12:49:52 [vite] page reload src/components/ZetounLog.tsx
12:53:50 [vite] hmr update /src/components/ZetoulogPage.tsx, /src/index.css
12:53:53 [vite] hmr update /src/index.css, /src/App.tsx
12:55:05 [vite] hmr update /src/components/ZetoulogPage.tsx, /src/index.css
12:55:07 [vite] hmr update /src/index.css, /src/App.tsx
13:01:07 [vite] hmr update /src/components/ZetoulogPage.tsx, /src/index.css
13:01:08 [vite] hmr update /src/index.css, /src/App.tsx
13:02:11 [vite] hmr update /src/components/ZetoulogPage.tsx, /src/index.css
13:02:13 [vite] hmr update /src/index.css, /src/App.tsx
13:14:19 [vite] hmr update /src/components/ZetoulogPage.tsx, /src/index.css
13:14:24 [vite] hmr update /src/index.css, /src/App.tsx
13:18:40 [vite] hmr update /src/components/ZetoulogPage.tsx, /src/index.css
13:23:38 [vite] hmr update /src/components/ZetoulogPage.tsx, /src/index.css
13:23:40 [vite] hmr update /src/components/ZetoulogPage.tsx, /src/index.css
13:23:43 [vite] hmr update /src/index.css, /src/App.tsx
13:24:53 [vite] hmr update /src/components/ZetoulogPage.tsx, /src/index.css
13:24:55 [vite] hmr update /src/index.css, /src/App.tsx
13:27:05 [vite] hmr update /src/components/ZetoulogPage.tsx, /src/index.css
13:27:08 [vite] hmr update /src/index.css, /src/App.tsx
13:29:11 [vite] hmr update /src/components/ZetoulogPage.tsx, /src/index.css
13:34:21 [vite] hmr update /src/components/ZetoulogPage.tsx, /src/index.css
13:36:11 [vite] hmr update /src/pages/Login.tsx, /src/index.css
13:36:14 [vite] hmr update /src/App.tsx, /src/index.css
13:39:56 [vite] hmr update /src/pages/Login.tsx, /src/index.css
13:39:58 [vite] hmr update /src/App.tsx, /src/index.css
13:44:01 [vite] hmr update /src/pages/Login.tsx, /src/index.css
13:44:03 [vite] hmr update /src/App.tsx, /src/index.css
13:45:34 [vite] hmr update /src/pages/Login.tsx, /src/index.css
13:45:36 [vite] hmr update /src/App.tsx, /src/index.css
13:45:50 [vite] hmr update /src/App.tsx, /src/index.css
13:45:54 [vite] hmr update /src/App.tsx, /src/index.css
13:47:12 [vite] hmr update /src/pages/Login.tsx, /src/index.css
13:47:14 [vite] hmr update /src/App.tsx, /src/index.css
13:49:09 [vite] hmr update /src/pages/Login.tsx, /src/index.css
13:49:12 [vite] hmr update /src/App.tsx, /src/index.css
13:54:26 [vite] hmr update /src/pages/Login.tsx, /src/index.css
13:54:28 [vite] hmr update /src/App.tsx, /src/index.css
13:55:37 [vite] hmr update /src/pages/Login.tsx, /src/index.css
13:55:39 [vite] hmr update /src/App.tsx, /src/index.css
13:57:18 [vite] hmr update /src/pages/Login.tsx, /src/index.css
13:57:20 [vite] hmr update /src/App.tsx, /src/index.css
Error processing file src/pages/Login.tsx: SyntaxError: Unexpected token, expected "," (261:0)
    at constructor (/home/rva/Zetoun/frontend/node_modules/@babel/parser/lib/index.js:362:19)
    at TypeScriptParserMixin.raise (/home/rva/Zetoun/frontend/node_modules/@babel/parser/lib/index.js:3259:19)
    at TypeScriptParserMixin.unexpected (/home/rva/Zetoun/frontend/node_modules/@babel/parser/lib/index.js:3279:16)
    at TypeScriptParserMixin.expect (/home/rva/Zetoun/frontend/node_modules/@babel/parser/lib/index.js:3589:12)
    at TypeScriptParserMixin.parseCallExpressionArguments (/home/rva/Zetoun/frontend/node_modules/@babel/parser/lib/index.js:10759:14)
    at TypeScriptParserMixin.parseCoverCallAndAsyncArrowHead (/home/rva/Zetoun/frontend/node_modules/@babel/parser/lib/index.js:10695:29)
    at TypeScriptParserMixin.parseSubscript (/home/rva/Zetoun/frontend/node_modules/@babel/parser/lib/index.js:10632:19)
    at TypeScriptParserMixin.parseSubscript (/home/rva/Zetoun/frontend/node_modules/@babel/parser/lib/index.js:8992:18)
    at TypeScriptParserMixin.parseSubscripts (/home/rva/Zetoun/frontend/node_modules/@babel/parser/lib/index.js:10605:19)
    at TypeScriptParserMixin.parseExprSubscripts (/home/rva/Zetoun/frontend/node_modules/@babel/parser/lib/index.js:10596:17) {
  code: 'BABEL_PARSER_SYNTAX_ERROR',
  reasonCode: 'UnexpectedToken',
  loc: Position { line: 261, column: 0, index: 8118 },
  pos: 8118,
  syntaxPlugin: undefined
}
13:57:21 [vite] Internal server error:   x Unexpected eof
     ,-[/home/rva/Zetoun/frontend/src/pages/Login.tsx:260:92]
 258 |       } else {
 259 |         const errorData = await response.json();
 260 |         setError(errorData.message || TEXT_CONSTANTS.MESSAGES.LOGIN_ERROR_INVALID_CREDENTI
     `----


Caused by:
    Syntax Error
  Plugin: vite:react-swc
  File: /home/rva/Zetoun/frontend/src/pages/Login.tsx
  
13:58:07 [vite] hmr update /src/App.tsx, /src/index.css
13:58:09 [vite] hmr update /src/App.tsx, /src/index.css
14:05:27 [vite] hmr update /src/pages/Login.tsx, /src/index.css
14:05:28 [vite] hmr update /src/pages/Login.tsx, /src/index.css
14:05:30 [vite] hmr update /src/App.tsx, /src/index.css
14:08:46 [vite] hmr update /src/pages/Login.tsx, /src/index.css
14:08:48 [vite] hmr update /src/App.tsx, /src/index.css
14:12:41 [vite] hmr update /src/pages/Login.tsx, /src/index.css
14:12:43 [vite] hmr update /src/App.tsx, /src/index.css
Error processing file src/pages/Login.tsx: SyntaxError: Unexpected token, expected "from" (12:0)
    at constructor (/home/rva/Zetoun/frontend/node_modules/@babel/parser/lib/index.js:362:19)
    at TypeScriptParserMixin.raise (/home/rva/Zetoun/frontend/node_modules/@babel/parser/lib/index.js:3259:19)
    at TypeScriptParserMixin.unexpected (/home/rva/Zetoun/frontend/node_modules/@babel/parser/lib/index.js:3279:16)
    at TypeScriptParserMixin.expectContextual (/home/rva/Zetoun/frontend/node_modules/@babel/parser/lib/index.js:3568:12)
    at TypeScriptParserMixin.parseImportSpecifiersAndAfter (/home/rva/Zetoun/frontend/node_modules/@babel/parser/lib/index.js:13713:10)
    at TypeScriptParserMixin.parseImport (/home/rva/Zetoun/frontend/node_modules/@babel/parser/lib/index.js:13705:17)
    at TypeScriptParserMixin.parseImport (/home/rva/Zetoun/frontend/node_modules/@babel/parser/lib/index.js:9073:26)
    at TypeScriptParserMixin.parseStatementContent (/home/rva/Zetoun/frontend/node_modules/@babel/parser/lib/index.js:12352:27)
    at TypeScriptParserMixin.parseStatementContent (/home/rva/Zetoun/frontend/node_modules/@babel/parser/lib/index.js:9157:18)
    at TypeScriptParserMixin.parseStatementLike (/home/rva/Zetoun/frontend/node_modules/@babel/parser/lib/index.js:12244:17) {
  code: 'BABEL_PARSER_SYNTAX_ERROR',
  reasonCode: 'UnexpectedToken',
  loc: Position { line: 12, column: 0, index: 642 },
  pos: 642,
  syntaxPlugin: undefined
}
14:12:43 [vite] Internal server error:   x Expected 'from', got 'import'
    ,-[/home/rva/Zetoun/frontend/src/pages/Login.tsx:12:1]
  9 | import { Input } from '@/components/ui/input';
 10 | import { Alert, AlertDescription } from '@/components/ui/alert';
 11 | import { useToast }
 12 | import PageLayout from '@/components/PageLayout';
    : ^^^^^^
 13 | import SEO from '@/components/SEO';
 14 | import { motion } from "framer-motion";
 15 | import { ENDPOINTS } from '@/config/api.config';
    `----


Caused by:
    Syntax Error
  Plugin: vite:react-swc
  File: /home/rva/Zetoun/frontend/src/pages/Login.tsx
  
14:13:15 [vite] hmr update /src/App.tsx, /src/index.css
14:13:16 [vite] hmr update /src/App.tsx, /src/index.css
Error processing file src/pages/Login.tsx: SyntaxError: Unexpected token, expected "from" (12:0)
    at constructor (/home/rva/Zetoun/frontend/node_modules/@babel/parser/lib/index.js:362:19)
    at TypeScriptParserMixin.raise (/home/rva/Zetoun/frontend/node_modules/@babel/parser/lib/index.js:3259:19)
    at TypeScriptParserMixin.unexpected (/home/rva/Zetoun/frontend/node_modules/@babel/parser/lib/index.js:3279:16)
    at TypeScriptParserMixin.expectContextual (/home/rva/Zetoun/frontend/node_modules/@babel/parser/lib/index.js:3568:12)
    at TypeScriptParserMixin.parseImportSpecifiersAndAfter (/home/rva/Zetoun/frontend/node_modules/@babel/parser/lib/index.js:13713:10)
    at TypeScriptParserMixin.parseImport (/home/rva/Zetoun/frontend/node_modules/@babel/parser/lib/index.js:13705:17)
    at TypeScriptParserMixin.parseImport (/home/rva/Zetoun/frontend/node_modules/@babel/parser/lib/index.js:9073:26)
    at TypeScriptParserMixin.parseStatementContent (/home/rva/Zetoun/frontend/node_modules/@babel/parser/lib/index.js:12352:27)
    at TypeScriptParserMixin.parseStatementContent (/home/rva/Zetoun/frontend/node_modules/@babel/parser/lib/index.js:9157:18)
    at TypeScriptParserMixin.parseStatementLike (/home/rva/Zetoun/frontend/node_modules/@babel/parser/lib/index.js:12244:17) {
  code: 'BABEL_PARSER_SYNTAX_ERROR',
  reasonCode: 'UnexpectedToken',
  loc: Position { line: 12, column: 0, index: 642 },
  pos: 642,
  syntaxPlugin: undefined
}
14:13:17 [vite] Internal server error:   x Expected 'from', got 'import'
    ,-[/home/rva/Zetoun/frontend/src/pages/Login.tsx:12:1]
  9 | import { Input } from '@/components/ui/input';
 10 | import { Alert, AlertDescription } from '@/components/ui/alert';
 11 | import { useToast }
 12 | import PageLayout from '@/components/PageLayout';
    : ^^^^^^
 13 | import SEO from '@/components/SEO';
 14 | import { motion } from "framer-motion";
 15 | import { ENDPOINTS } from '@/config/api.config';
    `----


Caused by:
    Syntax Error
  Plugin: vite:react-swc
  File: /home/rva/Zetoun/frontend/src/pages/Login.tsx
  
Error processing file src/pages/Login.tsx: SyntaxError: Unexpected token, expected "from" (12:0)
    at constructor (/home/rva/Zetoun/frontend/node_modules/@babel/parser/lib/index.js:362:19)
    at TypeScriptParserMixin.raise (/home/rva/Zetoun/frontend/node_modules/@babel/parser/lib/index.js:3259:19)
    at TypeScriptParserMixin.unexpected (/home/rva/Zetoun/frontend/node_modules/@babel/parser/lib/index.js:3279:16)
    at TypeScriptParserMixin.expectContextual (/home/rva/Zetoun/frontend/node_modules/@babel/parser/lib/index.js:3568:12)
    at TypeScriptParserMixin.parseImportSpecifiersAndAfter (/home/rva/Zetoun/frontend/node_modules/@babel/parser/lib/index.js:13713:10)
    at TypeScriptParserMixin.parseImport (/home/rva/Zetoun/frontend/node_modules/@babel/parser/lib/index.js:13705:17)
    at TypeScriptParserMixin.parseImport (/home/rva/Zetoun/frontend/node_modules/@babel/parser/lib/index.js:9073:26)
    at TypeScriptParserMixin.parseStatementContent (/home/rva/Zetoun/frontend/node_modules/@babel/parser/lib/index.js:12352:27)
    at TypeScriptParserMixin.parseStatementContent (/home/rva/Zetoun/frontend/node_modules/@babel/parser/lib/index.js:9157:18)
    at TypeScriptParserMixin.parseStatementLike (/home/rva/Zetoun/frontend/node_modules/@babel/parser/lib/index.js:12244:17) {
  code: 'BABEL_PARSER_SYNTAX_ERROR',
  reasonCode: 'UnexpectedToken',
  loc: Position { line: 12, column: 0, index: 642 },
  pos: 642,
  syntaxPlugin: undefined
}
14:13:33 [vite] Internal server error:   x Expected 'from', got 'import'
    ,-[/home/rva/Zetoun/frontend/src/pages/Login.tsx:12:1]
  9 | import { Input } from '@/components/ui/input';
 10 | import { Alert, AlertDescription } from '@/components/ui/alert';
 11 | import { useToast }
 12 | import PageLayout from '@/components/PageLayout';
    : ^^^^^^
 13 | import SEO from '@/components/SEO';
 14 | import { motion } from "framer-motion";
 15 | import { ENDPOINTS } from '@/config/api.config';
    `----


Caused by:
    Syntax Error
  Plugin: vite:react-swc
  File: /home/rva/Zetoun/frontend/src/pages/Login.tsx
  
14:14:13 [vite] hmr update /src/App.tsx, /src/index.css
14:14:15 [vite] hmr update /src/App.tsx, /src/index.css
Error processing file src/pages/Login.tsx: SyntaxError: Unterminated string constant. (437:90)
    at constructor (/home/rva/Zetoun/frontend/node_modules/@babel/parser/lib/index.js:362:19)
    at TypeScriptParserMixin.raise (/home/rva/Zetoun/frontend/node_modules/@babel/parser/lib/index.js:3259:19)
    at TypeScriptParserMixin.jsxReadString (/home/rva/Zetoun/frontend/node_modules/@babel/parser/lib/index.js:6550:20)
    at TypeScriptParserMixin.getTokenFromCode (/home/rva/Zetoun/frontend/node_modules/@babel/parser/lib/index.js:6835:14)
    at TypeScriptParserMixin.getTokenFromCode (/home/rva/Zetoun/frontend/node_modules/@babel/parser/lib/index.js:9634:11)
    at TypeScriptParserMixin.nextToken (/home/rva/Zetoun/frontend/node_modules/@babel/parser/lib/index.js:2443:10)
    at TypeScriptParserMixin.next (/home/rva/Zetoun/frontend/node_modules/@babel/parser/lib/index.js:2356:10)
    at TypeScriptParserMixin.eat (/home/rva/Zetoun/frontend/node_modules/@babel/parser/lib/index.js:2360:12)
    at TypeScriptParserMixin.jsxParseAttribute (/home/rva/Zetoun/frontend/node_modules/@babel/parser/lib/index.js:6700:23)
    at TypeScriptParserMixin.jsxParseOpeningElementAfterName (/home/rva/Zetoun/frontend/node_modules/@babel/parser/lib/index.js:6714:28) {
  code: 'BABEL_PARSER_SYNTAX_ERROR',
  reasonCode: 'UnterminatedString',
  loc: Position { line: 437, column: 90, index: 16208 },
  pos: 16208,
  syntaxPlugin: undefined
}
14:14:17 [vite] Internal server error:   x Unterminated string constant
     ,-[/home/rva/Zetoun/frontend/src/pages/Login.tsx:437:1]
 434 | 
 435 |               <p className="text-center text-gray-400 text-sm mb-3">
 436 |                 {TEXT_CONSTANTS.MESSAGES.NO_ACCOUNT_QUESTION}{' '}
 437 |                 <a href="#" onClick={() => navigate(TEXT_CONSTANTS.NAV_SIGNUP)} className="text-purple-400 hover:te
     :                                                                                           ^^^^^^^^^^^^^^^^^^^^^^^^^^
     `----
  x Unexpected eof
     ,-[/home/rva/Zetoun/frontend/src/pages/Login.tsx:437:117]
 435 |               <p className="text-center text-gray-400 text-sm mb-3">
 436 |                 {TEXT_CONSTANTS.MESSAGES.NO_ACCOUNT_QUESTION}{' '}
 437 |                 <a href="#" onClick={() => navigate(TEXT_CONSTANTS.NAV_SIGNUP)} className="text-purple-400 hover:te
     `----


Caused by:
    Syntax Error
  Plugin: vite:react-swc
  File: /home/rva/Zetoun/frontend/src/pages/Login.tsx
  
14:14:30 [vite] hmr update /src/App.tsx, /src/index.css
14:14:33 [vite] hmr update /src/App.tsx, /src/index.css
14:15:04 [vite] hmr update /src/pages/Login.tsx, /src/index.css
14:15:06 [vite] hmr update /src/App.tsx, /src/index.css
14:20:35 [vite] hmr update /src/pages/Login.tsx, /src/index.css
14:20:42 [vite] hmr update /src/pages/Login.tsx, /src/index.css
14:20:48 [vite] hmr update /src/pages/Login.tsx, /src/index.css
14:21:03 [vite] hmr update /src/pages/Login.tsx, /src/index.css
14:21:07 [vite] hmr update /src/pages/Login.tsx, /src/index.css
14:21:11 [vite] hmr update /src/pages/Login.tsx, /src/index.css
14:21:16 [vite] hmr update /src/pages/Login.tsx, /src/index.css
14:21:24 [vite] hmr update /src/pages/Login.tsx, /src/index.css
14:21:33 [vite] hmr update /src/pages/Login.tsx, /src/index.css
14:21:38 [vite] hmr update /src/pages/Login.tsx, /src/index.css
14:21:47 [vite] hmr update /src/pages/Login.tsx, /src/index.css
14:22:01 [vite] hmr update /src/pages/Login.tsx, /src/index.css
14:22:05 [vite] hmr update /src/pages/Login.tsx, /src/index.css
14:22:07 [vite] hmr update /src/pages/Login.tsx, /src/index.css
14:22:15 [vite] hmr update /src/pages/Login.tsx, /src/index.css
14:22:21 [vite] hmr update /src/pages/Login.tsx, /src/index.css
14:22:35 [vite] hmr update /src/pages/Login.tsx, /src/index.css
14:23:15 [vite] hmr update /src/pages/Login.tsx, /src/index.css
14:23:19 [vite] hmr update /src/pages/Login.tsx, /src/index.css
14:23:21 [vite] hmr update /src/App.tsx, /src/index.css
14:26:56 [vite] hmr update /src/pages/Login.tsx, /src/index.css
14:27:01 [vite] hmr update /src/App.tsx, /src/index.css
14:27:31 [vite] hmr update /src/pages/Login.tsx, /src/index.css
14:27:33 [vite] hmr update /src/App.tsx, /src/index.css
14:29:34 [vite] hmr update /src/pages/Login.tsx, /src/index.css
14:31:25 [vite] hmr update /src/pages/Login.tsx, /src/index.css
14:32:29 [vite] hmr update /src/pages/Login.tsx, /src/index.css
14:32:46 [vite] hmr update /src/pages/Login.tsx, /src/index.css
14:32:50 [vite] hmr update /src/pages/Login.tsx, /src/index.css
14:32:53 [vite] hmr update /src/pages/Login.tsx, /src/index.css
14:33:07 [vite] hmr update /src/pages/Login.tsx, /src/index.css
14:33:13 [vite] hmr update /src/pages/Login.tsx, /src/index.css
14:33:23 [vite] hmr update /src/pages/Login.tsx, /src/index.css
14:33:31 [vite] hmr update /src/pages/Login.tsx, /src/index.css
14:33:36 [vite] hmr update /src/pages/Login.tsx, /src/index.css
14:33:40 [vite] hmr update /src/pages/Login.tsx, /src/index.css
14:33:49 [vite] hmr update /src/pages/Login.tsx, /src/index.css
14:33:54 [vite] hmr update /src/pages/Login.tsx, /src/index.css
14:33:58 [vite] hmr update /src/pages/Login.tsx, /src/index.css
14:34:08 [vite] hmr update /src/pages/Login.tsx, /src/index.css
14:34:25 [vite] hmr update /src/pages/Login.tsx, /src/index.css
14:34:32 [vite] hmr update /src/pages/Login.tsx, /src/index.css
14:36:50 [vite] hmr update /src/pages/Login.tsx, /src/index.css
14:36:54 [vite] hmr update /src/pages/Login.tsx, /src/index.css
14:36:58 [vite] hmr update /src/pages/Login.tsx, /src/index.css
14:37:02 [vite] hmr update /src/pages/Login.tsx, /src/index.css
14:37:09 [vite] hmr update /src/pages/Login.tsx, /src/index.css
14:37:25 [vite] hmr update /src/pages/Login.tsx, /src/index.css
14:37:29 [vite] hmr update /src/pages/Login.tsx, /src/index.css
14:37:32 [vite] hmr update /src/pages/Login.tsx, /src/index.css
14:37:51 [vite] hmr update /src/pages/Login.tsx, /src/index.css
14:37:59 [vite] hmr update /src/pages/Login.tsx, /src/index.css
14:38:03 [vite] hmr update /src/pages/Login.tsx, /src/index.css
14:38:10 [vite] hmr update /src/pages/Login.tsx, /src/index.css
14:38:13 [vite] hmr update /src/pages/Login.tsx, /src/index.css
14:38:20 [vite] hmr update /src/pages/Login.tsx, /src/index.css
14:38:43 [vite] hmr update /src/pages/Login.tsx, /src/index.css
14:38:53 [vite] hmr update /src/pages/Login.tsx, /src/index.css
14:38:57 [vite] hmr update /src/pages/Login.tsx, /src/index.css
14:39:01 [vite] hmr update /src/pages/Login.tsx, /src/index.css
14:39:05 [vite] hmr update /src/pages/Login.tsx, /src/index.css
14:39:09 [vite] hmr update /src/pages/Login.tsx, /src/index.css
14:39:13 [vite] hmr update /src/pages/Login.tsx, /src/index.css
14:39:16 [vite] hmr update /src/pages/Login.tsx, /src/index.css
14:45:17 [vite] hmr update /src/pages/Login.tsx, /src/index.css
14:45:21 [vite] hmr update /src/pages/Login.tsx, /src/index.css
14:46:57 [vite] hmr update /src/pages/Login.tsx, /src/index.css
14:47:30 [vite] hmr update /src/pages/Login.tsx, /src/index.css
14:47:44 [vite] hmr update /src/pages/Login.tsx, /src/index.css
14:47:49 [vite] hmr update /src/pages/Login.tsx, /src/index.css
14:48:21 [vite] hmr update /src/pages/Login.tsx, /src/index.css
14:48:28 [vite] hmr update /src/pages/Login.tsx, /src/index.css
14:49:49 [vite] hmr update /src/pages/Login.tsx, /src/index.css
14:50:21 [vite] hmr update /src/pages/Login.tsx, /src/index.css
14:50:31 [vite] hmr update /src/pages/Login.tsx, /src/index.css
14:50:40 [vite] hmr update /src/pages/Login.tsx, /src/index.css
14:51:01 [vite] hmr update /src/pages/Login.tsx, /src/index.css
14:51:09 [vite] hmr update /src/pages/Login.tsx, /src/index.css
14:51:23 [vite] hmr update /src/pages/Login.tsx, /src/index.css
14:51:26 [vite] hmr update /src/pages/Login.tsx, /src/index.css
14:51:29 [vite] hmr update /src/pages/Login.tsx, /src/index.css
Error processing file src/pages/Login.tsx: SyntaxError: Unexpected token, expected "," (66:25)
    at constructor (/home/rva/Zetoun/frontend/node_modules/@babel/parser/lib/index.js:362:19)
    at TypeScriptParserMixin.raise (/home/rva/Zetoun/frontend/node_modules/@babel/parser/lib/index.js:3259:19)
    at TypeScriptParserMixin.unexpected (/home/rva/Zetoun/frontend/node_modules/@babel/parser/lib/index.js:3279:16)
    at TypeScriptParserMixin.expect (/home/rva/Zetoun/frontend/node_modules/@babel/parser/lib/index.js:3589:12)
    at TypeScriptParserMixin.parseObjectLike (/home/rva/Zetoun/frontend/node_modules/@babel/parser/lib/index.js:11344:14)
    at TypeScriptParserMixin.parseExprAtom (/home/rva/Zetoun/frontend/node_modules/@babel/parser/lib/index.js:10868:23)
    at TypeScriptParserMixin.parseExprAtom (/home/rva/Zetoun/frontend/node_modules/@babel/parser/lib/index.js:6811:20)
    at TypeScriptParserMixin.parseExprSubscripts (/home/rva/Zetoun/frontend/node_modules/@babel/parser/lib/index.js:10592:23)
    at TypeScriptParserMixin.parseUpdate (/home/rva/Zetoun/frontend/node_modules/@babel/parser/lib/index.js:10577:21)
    at TypeScriptParserMixin.parseMaybeUnary (/home/rva/Zetoun/frontend/node_modules/@babel/parser/lib/index.js:10557:23) {
  code: 'BABEL_PARSER_SYNTAX_ERROR',
  reasonCode: 'UnexpectedToken',
  loc: Position { line: 66, column: 25, index: 2790 },
  pos: 2790,
  syntaxPlugin: undefined
}
14:51:29 [vite] Internal server error:   x Expected ',', got 'de'
    ,-[/home/rva/Zetoun/frontend/src/pages/Login.tsx:66:1]
 63 |     HEADING: "Connexion",
 64 |     SUBHEADING: "Accédez à votre compte",
 65 |     REMEMBER_ME: "Se souvenir de moi",
 66 |     FORGOT_PASSWORD: Mot de passe oublié ?",
    :                          ^^
 67 |     OR_TEXT: "ou",
 68 |     BACK_TO_HOME: "Retour à l'accueil",
 69 |   },
    `----


Caused by:
    Syntax Error
  Plugin: vite:react-swc
  File: /home/rva/Zetoun/frontend/src/pages/Login.tsx
  
14:51:47 [vite] hmr update /src/pages/Login.tsx, /src/index.css
14:53:54 [vite] hmr update /src/pages/Login.tsx, /src/index.css
14:54:00 [vite] hmr update /src/pages/Login.tsx, /src/index.css
14:54:03 [vite] hmr update /src/App.tsx, /src/index.css
14:56:41 [vite] hmr update /src/pages/Login.tsx, /src/index.css
14:56:43 [vite] hmr update /src/App.tsx, /src/index.css
16:57:41 [vite] hmr update /src/pages/SignUp.tsx, /src/index.css
16:57:45 [vite] hmr update /src/App.tsx, /src/index.css
17:02:36 [vite] hmr update /src/pages/SignUp.tsx, /src/index.css
17:02:38 [vite] hmr update /src/App.tsx, /src/index.css
17:07:04 [vite] hmr update /src/pages/SignUp.tsx, /src/index.css
17:07:09 [vite] hmr update /src/App.tsx, /src/index.css
17:12:09 [vite] hmr update /src/pages/SignUp.tsx, /src/index.css
17:12:11 [vite] hmr update /src/App.tsx, /src/index.css
17:13:47 [vite] hmr update /src/pages/Login.tsx, /src/index.css
17:13:50 [vite] hmr update /src/App.tsx, /src/index.css
17:14:15 [vite] hmr update /src/App.tsx, /src/index.css
17:18:36 [vite] hmr update /src/pages/SignUp.tsx, /src/index.css
17:18:40 [vite] hmr update /src/App.tsx, /src/index.css
17:20:59 [vite] hmr update /src/pages/SignUp.tsx, /src/index.css
17:21:01 [vite] hmr update /src/App.tsx, /src/index.css
17:21:48 [vite] http proxy error: /api/auth/signup
Error: getaddrinfo ENOTFOUND server-backend-zetounlabs.onrender.com
    at GetAddrInfoReqWrap.onlookupall [as oncomplete] (node:dns:120:26)
17:22:12 [vite] http proxy error: /api/auth/signup
Error: getaddrinfo ENOTFOUND server-backend-zetounlabs.onrender.com
    at GetAddrInfoReqWrap.onlookupall [as oncomplete] (node:dns:120:26)
17:27:16 [vite] hmr update /src/pages/SignUp.tsx, /src/index.css
17:27:18 [vite] hmr update /src/pages/SignUp.tsx, /src/index.css
17:28:06 [vite] hmr update /src/pages/SignUp.tsx, /src/index.css
17:28:17 [vite] hmr update /src/App.tsx, /src/index.css
17:28:21 [vite] hmr update /src/pages/SignUp.tsx, /src/index.css
17:28:24 [vite] hmr update /src/App.tsx, /src/index.css
17:31:15 [vite] hmr update /src/pages/SignUp.tsx, /src/index.css
17:31:18 [vite] hmr update /src/App.tsx, /src/index.css
17:33:38 [vite] hmr update /src/pages/SignUp.tsx, /src/index.css
17:33:41 [vite] hmr update /src/App.tsx, /src/index.css
17:38:26 [vite] hmr update /src/pages/SignUp.tsx, /src/index.css
17:38:28 [vite] hmr update /src/App.tsx, /src/index.css

> vite_react_shadcn_ts@0.0.0 dev
> vite


  VITE v5.4.19  ready in 407 ms

  ➜  Local:   http://localhost:8080/
  ➜  Network: http://10.0.0.2:8080/

> vite_react_shadcn_ts@0.0.0 dev
> vite


  VITE v5.4.19  ready in 403 ms

  ➜  Local:   http://localhost:8080/
  ➜  Network: http://10.0.0.2:8080/

> vite_react_shadcn_ts@0.0.0 dev
> vite


  VITE v5.4.19  ready in 735 ms

  ➜  Local:   http://localhost:8080/
  ➜  Network: http://10.0.0.2:8080/
17:48:35 [vite] http proxy error: /api/auth/login
Error: getaddrinfo ENOTFOUND server-backend-zetounlabs.onrender.com
    at GetAddrInfoReqWrap.onlookupall [as oncomplete] (node:dns:120:26)
17:49:10 [vite] http proxy error: /api/auth/signup
Error: getaddrinfo ENOTFOUND server-backend-zetounlabs.onrender.com
    at GetAddrInfoReqWrap.onlookupall [as oncomplete] (node:dns:120:26)

> vite_react_shadcn_ts@0.0.0 dev
> vite


  VITE v5.4.19  ready in 611 ms

  ➜  Local:   http://localhost:8080/
  ➜  Network: http://10.0.0.2:8080/
18:25:13 [vite] hmr update /src/components/ZetoulogPage.tsx, /src/index.css
18:25:22 [vite] hmr update /src/components/ZetoulogPage.tsx, /src/index.css
18:25:30 [vite] hmr update /src/components/ZetoulogPage.tsx, /src/index.css
18:29:05 [vite] hmr update /src/App.tsx, /src/index.css
18:29:09 [vite] hmr update /src/App.tsx, /src/index.css
18:39:18 [vite] hmr update /src/components/ContactInfo.tsx, /src/index.css
18:39:35 [vite] hmr update /src/components/PageLayout.tsx, /src/index.css
18:47:53 [vite] hmr update /src/pages/SignUp.tsx, /src/index.css
18:47:59 [vite] hmr update /src/pages/SignUp.tsx, /src/index.css
18:50:00 [vite] hmr update /src/pages/Login.tsx, /src/index.css
18:50:12 [vite] hmr update /src/App.tsx, /src/index.css
18:51:27 [vite] hmr update /src/pages/Login.tsx, /src/index.css
18:52:29 [vite] hmr update /src/App.tsx, /src/index.css
18:52:35 [vite] hmr update /src/pages/SignUp.tsx, /src/index.css
18:52:51 [vite] hmr update /src/App.tsx, /src/index.css
18:55:23 [vite] hmr update /src/pages/Login.tsx, /src/index.css
18:55:27 [vite] hmr update /src/App.tsx, /src/index.css
19:12:18 [vite] hmr update /src/pages/Login.tsx, /src/index.css
19:12:21 [vite] hmr update /src/App.tsx, /src/index.css
19:12:47 [vite] hmr update /src/pages/SignUp.tsx, /src/index.css
19:13:01 [vite] hmr update /src/App.tsx, /src/index.css
19:18:47 [vite] hmr update /src/pages/Login.tsx, /src/index.css
19:19:07 [vite] hmr update /src/App.tsx, /src/index.css
19:24:56 [vite] hmr update /src/pages/Login.tsx, /src/index.css
19:25:05 [vite] hmr update /src/App.tsx, /src/index.css
19:25:25 [vite] hmr update /src/pages/Login.tsx, /src/index.css
19:26:33 [vite] hmr update /src/App.tsx, /src/index.css
19:52:16 [vite] hmr update /src/components/Navbar.tsx, /src/index.css
19:52:20 [vite] hmr update /src/components/PageLayout.tsx, /src/index.css
19:53:58 [vite] hmr update /src/components/Navbar.tsx, /src/index.css
19:54:00 [vite] hmr update /src/components/PageLayout.tsx, /src/index.css
